FILE_TYPE=LIBRARY_PARTS;
PRIMITIVE 'ANT5320LL04R2455A','ANT5320LL04R2455A_Antennas Chip';
  PIN
    'FEED':
      PIN_NUMBER='(1)';
      NO_LOAD_CHECK=BOTH;
      NO_IO_CHECK=BOTH;
      ALLOW_CONNECT=TRUE;
      PINUSE='INPUT';
    'NC':
      PIN_NUMBER='(2)';
      NO_LOAD_CHECK=BOTH;
      NO_IO_CHECK=BOTH;
      ALLOW_CONNECT=TRUE;
      PINUSE='NC';
  END_PIN;
  BODY
    PART_NAME='ANT5320LL04R2455A';
    PHYS_DES_PREFIX='ANT';
    NO_LOAD_CHECK='TRUE';
    PIN_COUNT='2';
    BODY_NAME='ANT5320LL04R2455A';
    JEDEC_TYPE='ANTC5320X170N';
  END_BODY;
END_PRIMITIVE;
END.
